<?xml version="1.0" encoding="utf-8"?><testsuites name="pytest tests"><testsuite name="pytest" errors="0" failures="0" skipped="0" tests="17" time="11.250" timestamp="2026-06-28T20:06:08.130952+00:00" hostname="agent-env-7352e73a-8b05-4dac-85e1-42f152020c79"><testcase classname="tests.test_iteration2" name="test_health_includes_worker" time="0.810" /><testcase classname="tests.test_iteration2" name="test_worker_health_endpoint" time="0.074" /><testcase classname="tests.test_iteration2" name="test_worker_health_requires_auth" time="0.136" /><testcase classname="tests.test_iteration2" name="test_bot_status_source_mock" time="0.057" /><testcase classname="tests.test_iteration2" name="test_market_spreads_source_mock" time="0.055" /><testcase classname="tests.test_iteration2" name="test_market_opportunities" time="0.082" /><testcase classname="tests.test_iteration2" name="test_bot_action_and_mode" time="0.123" /><testcase classname="tests.test_iteration2" name="test_bot_config_get_put" time="0.117" /><testcase classname="tests.test_iteration2" name="test_wallet_pnl_telegram" time="0.168" /><testcase classname="tests.test_iteration2" name="test_trades_history_persistent" time="8.143" /><testcase classname="tests.test_iteration2" name="test_logs_history_persistent" time="0.063" /><testcase classname="tests.test_iteration2" name="test_exchange_keys_list_initial" time="0.067" /><testcase classname="tests.test_iteration2" name="test_exchange_keys_upsert_kucoin" time="0.114" /><testcase classname="tests.test_iteration2" name="test_exchange_keys_validation_missing_key" time="0.073" /><testcase classname="tests.test_iteration2" name="test_exchange_keys_validation_unsupported" time="0.056" /><testcase classname="tests.test_iteration2" name="test_exchange_keys_delete_kucoin" time="0.115" /><testcase classname="tests.test_iteration2" name="test_mongo_encrypted_storage_verification" time="0.453" /></testsuite></testsuites>