<?xml version="1.0" encoding="utf-8"?><testsuites name="pytest tests"><testsuite name="pytest" errors="0" failures="0" skipped="0" tests="13" time="33.762" timestamp="2026-06-28T20:46:19.533235+00:00" hostname="agent-env-7352e73a-8b05-4dac-85e1-42f152020c79"><testcase classname="backend.tests.test_iteration5" name="test_regression_endpoints" time="1.668" /><testcase classname="backend.tests.test_iteration5" name="test_list_presets" time="0.061" /><testcase classname="backend.tests.test_iteration5" name="test_apply_aggressive_then_balanced" time="0.228" /><testcase classname="backend.tests.test_iteration5" name="test_apply_unknown_preset" time="0.058" /><testcase classname="backend.tests.test_iteration5" name="test_viewer_preset_forbidden" time="1.198" /><testcase classname="backend.tests.test_iteration5" name="test_exchange_key_test_no_key" time="0.131" /><testcase classname="backend.tests.test_iteration5" name="test_exchange_key_test_after_upsert" time="0.207" /><testcase classname="backend.tests.test_iteration5" name="test_viewer_exchange_key_test_forbidden" time="0.186" /><testcase classname="backend.tests.test_iteration5" name="test_alert_metrics" time="0.079" /><testcase classname="backend.tests.test_iteration5" name="test_alert_rule_crud" time="0.540" /><testcase classname="backend.tests.test_iteration5" name="test_viewer_blocked_on_alerts" time="0.478" /><testcase classname="backend.tests.test_iteration5" name="test_alert_evaluator_fires" time="6.200" /><testcase classname="backend.tests.test_iteration5" name="test_runtime_state_persistence_across_restart" time="22.204" /></testsuite></testsuites>