<?xml version="1.0" encoding="utf-8"?><testsuites name="pytest tests"><testsuite name="pytest" errors="0" failures="0" skipped="0" tests="17" time="3.378" timestamp="2026-06-28T23:46:27.301930+00:00" hostname="agent-env-7352e73a-8b05-4dac-85e1-42f152020c79"><testcase classname="backend.tests.test_iteration9.TestLiveReadiness" name="test_shape_and_check_ids" time="0.724" /><testcase classname="backend.tests.test_iteration9.TestLiveReadiness" name="test_blocking_count_matches_not_ok_required" time="0.084" /><testcase classname="backend.tests.test_iteration9.TestLiveReadiness" name="test_worker_check_is_not_ok" time="0.065" /><testcase classname="backend.tests.test_iteration9.TestLiveReadiness" name="test_requires_auth" time="0.195" /><testcase classname="backend.tests.test_iteration9.TestLiveReadiness" name="test_viewer_access" time="1.121" /><testcase classname="backend.tests.test_iteration9.TestWorkerProbeRegression" name="test_probe_returns_fresh_state" time="0.132" /><testcase classname="backend.tests.test_iteration9.TestWorkerProbeRegression" name="test_health_returns_cached" time="0.054" /><testcase classname="backend.tests.test_iteration9.TestWorkerSmokeRegression" name="test_smoke_admin_returns_5_rows" time="0.128" /><testcase classname="backend.tests.test_iteration9.TestWorkerSmokeRegression" name="test_smoke_requires_admin" time="0.059" /><testcase classname="backend.tests.test_iteration9.TestCoreRegression" name="test_bot_status" time="0.050" /><testcase classname="backend.tests.test_iteration9.TestCoreRegression" name="test_pnl" time="0.050" /><testcase classname="backend.tests.test_iteration9.TestCoreRegression" name="test_opportunities" time="0.050" /><testcase classname="backend.tests.test_iteration9.TestCoreRegression" name="test_trades" time="0.052" /><testcase classname="backend.tests.test_iteration9.TestCoreRegression" name="test_autopilot_status" time="0.052" /><testcase classname="backend.tests.test_iteration9.TestCoreRegression" name="test_alerts_rules" time="0.050" /><testcase classname="backend.tests.test_iteration9.TestCoreRegression" name="test_audit_log" time="0.062" /><testcase classname="backend.tests.test_iteration9.TestCoreRegression" name="test_users_list" time="0.101" /></testsuite></testsuites>