<?xml version="1.0" encoding="utf-8"?><testsuites name="pytest tests"><testsuite name="pytest" errors="0" failures="0" skipped="0" tests="14" time="3.325" timestamp="2026-06-28T23:34:06.840795+00:00" hostname="agent-env-7352e73a-8b05-4dac-85e1-42f152020c79"><testcase classname="backend.tests.test_iteration8.TestWorkerProbe" name="test_probe_returns_fresh_state" time="0.810" /><testcase classname="backend.tests.test_iteration8.TestWorkerProbe" name="test_probe_requires_auth" time="0.169" /><testcase classname="backend.tests.test_iteration8.TestWorkerProbe" name="test_health_returns_cached" time="0.046" /><testcase classname="backend.tests.test_iteration8.TestWorkerSmoke" name="test_smoke_admin_returns_5_rows" time="0.149" /><testcase classname="backend.tests.test_iteration8.TestWorkerSmoke" name="test_smoke_requires_admin" time="1.001" /><testcase classname="backend.tests.test_iteration8.TestWorkerSmoke" name="test_smoke_requires_auth" time="0.180" /><testcase classname="backend.tests.test_iteration8.TestRegression" name="test_dashboard_status" time="0.045" /><testcase classname="backend.tests.test_iteration8.TestRegression" name="test_spreads" time="0.048" /><testcase classname="backend.tests.test_iteration8.TestRegression" name="test_opportunities" time="0.049" /><testcase classname="backend.tests.test_iteration8.TestRegression" name="test_balances" time="0.048" /><testcase classname="backend.tests.test_iteration8.TestRegression" name="test_autopilot_status" time="0.048" /><testcase classname="backend.tests.test_iteration8.TestRegression" name="test_alerts_rules" time="0.049" /><testcase classname="backend.tests.test_iteration8.TestRegression" name="test_audit_log" time="0.055" /><testcase classname="backend.tests.test_iteration8.TestRegression" name="test_users_list" time="0.110" /></testsuite></testsuites>