<?xml version="1.0" encoding="utf-8"?><testsuites name="pytest tests"><testsuite name="pytest" errors="0" failures="0" skipped="0" tests="17" time="7.739" timestamp="2026-06-28T23:51:01.765338+00:00" hostname="agent-env-7352e73a-8b05-4dac-85e1-42f152020c79"><testcase classname="backend.tests.test_iteration10.TestLiveReadinessAdminOnly" name="test_admin_returns_200_with_full_shape" time="1.383" /><testcase classname="backend.tests.test_iteration10.TestLiveReadinessAdminOnly" name="test_blocking_count_matches_not_ok_required" time="0.071" /><testcase classname="backend.tests.test_iteration10.TestLiveReadinessAdminOnly" name="test_worker_check_is_not_ok" time="0.087" /><testcase classname="backend.tests.test_iteration10.TestLiveReadinessAdminOnly" name="test_viewer_now_returns_403" time="2.503" /><testcase classname="backend.tests.test_iteration10.TestLiveReadinessAdminOnly" name="test_no_auth_returns_401" time="0.204" /><testcase classname="backend.tests.test_iteration10.TestWorkerProbeRegression" name="test_probe_returns_fresh_state" time="0.239" /><testcase classname="backend.tests.test_iteration10.TestWorkerProbeRegression" name="test_health_returns_cached" time="0.114" /><testcase classname="backend.tests.test_iteration10.TestWorkerSmokeRegression" name="test_smoke_admin_returns_5_rows" time="0.495" /><testcase classname="backend.tests.test_iteration10.TestWorkerSmokeRegression" name="test_smoke_requires_admin" time="0.079" /><testcase classname="backend.tests.test_iteration10.TestCoreRegression" name="test_bot_status" time="0.054" /><testcase classname="backend.tests.test_iteration10.TestCoreRegression" name="test_pnl" time="0.073" /><testcase classname="backend.tests.test_iteration10.TestCoreRegression" name="test_opportunities" time="0.060" /><testcase classname="backend.tests.test_iteration10.TestCoreRegression" name="test_trades" time="0.113" /><testcase classname="backend.tests.test_iteration10.TestCoreRegression" name="test_autopilot_status" time="0.132" /><testcase classname="backend.tests.test_iteration10.TestCoreRegression" name="test_alerts_rules" time="0.164" /><testcase classname="backend.tests.test_iteration10.TestCoreRegression" name="test_audit_log" time="0.206" /><testcase classname="backend.tests.test_iteration10.TestCoreRegression" name="test_users_list" time="0.264" /></testsuite></testsuites>