<?xml version="1.0" encoding="utf-8"?><testsuites name="pytest tests"><testsuite name="pytest" errors="0" failures="0" skipped="0" tests="17" time="6.741" timestamp="2026-06-28T20:22:49.152290+00:00" hostname="agent-env-7352e73a-8b05-4dac-85e1-42f152020c79"><testcase classname="backend.tests.test_iteration4" name="test_login_returns_csrf_and_sets_cookie" time="0.689" /><testcase classname="backend.tests.test_iteration4" name="test_csrf_blocked_without_header" time="0.610" /><testcase classname="backend.tests.test_iteration4" name="test_csrf_passes_with_header" time="0.545" /><testcase classname="backend.tests.test_iteration4" name="test_csrf_get_endpoint" time="0.568" /><testcase classname="backend.tests.test_iteration4" name="test_bearer_only_bypasses_csrf" time="0.556" /><testcase classname="backend.tests.test_iteration4" name="test_auth_me_logout_regression" time="0.052" /><testcase classname="backend.tests.test_iteration4" name="test_existing_endpoints_regression" time="0.643" /><testcase classname="backend.tests.test_iteration4" name="test_create_viewer_then_promote_then_revert" time="0.627" /><testcase classname="backend.tests.test_iteration4" name="test_cannot_demote_or_delete_bootstrap_admin" time="0.157" /><testcase classname="backend.tests.test_iteration4" name="test_cannot_delete_self" time="0.114" /><testcase classname="backend.tests.test_iteration4" name="test_viewer_blocked_on_admin_routes" time="0.854" /><testcase classname="backend.tests.test_iteration4" name="test_live_mode_blocked_without_trade_keys_then_succeeds" time="0.332" /><testcase classname="backend.tests.test_iteration4" name="test_permissions_patch_invalid" time="0.058" /><testcase classname="backend.tests.test_iteration4" name="test_permissions_patch_not_found" time="0.058" /><testcase classname="backend.tests.test_iteration4" name="test_pnl_series_24h" time="0.063" /><testcase classname="backend.tests.test_iteration4" name="test_pnl_series_6h_and_cap" time="0.125" /><testcase classname="backend.tests.test_iteration4" name="test_public_stats_no_auth" time="0.232" /></testsuite></testsuites>