<?xml version="1.0" encoding="utf-8"?><testsuites name="pytest tests"><testsuite name="pytest" errors="0" failures="0" skipped="0" tests="17" time="14.761" timestamp="2026-06-28T19:55:26.406555+00:00" hostname="agent-env-7352e73a-8b05-4dac-85e1-42f152020c79"><testcase classname="backend.tests.test_iteration2" name="test_health_includes_worker" time="1.309" /><testcase classname="backend.tests.test_iteration2" name="test_worker_health_endpoint" time="0.069" /><testcase classname="backend.tests.test_iteration2" name="test_worker_health_requires_auth" time="0.437" /><testcase classname="backend.tests.test_iteration2" name="test_bot_status_source_mock" time="0.068" /><testcase classname="backend.tests.test_iteration2" name="test_market_spreads_source_mock" time="0.064" /><testcase classname="backend.tests.test_iteration2" name="test_market_opportunities" time="0.079" /><testcase classname="backend.tests.test_iteration2" name="test_bot_action_and_mode" time="0.160" /><testcase classname="backend.tests.test_iteration2" name="test_bot_config_get_put" time="0.196" /><testcase classname="backend.tests.test_iteration2" name="test_wallet_pnl_telegram" time="0.211" /><testcase classname="backend.tests.test_iteration2" name="test_trades_history_persistent" time="8.157" /><testcase classname="backend.tests.test_iteration2" name="test_logs_history_persistent" time="0.069" /><testcase classname="backend.tests.test_iteration2" name="test_exchange_keys_list_initial" time="0.057" /><testcase classname="backend.tests.test_iteration2" name="test_exchange_keys_upsert_kucoin" time="0.125" /><testcase classname="backend.tests.test_iteration2" name="test_exchange_keys_validation_missing_key" time="0.062" /><testcase classname="backend.tests.test_iteration2" name="test_exchange_keys_validation_unsupported" time="0.061" /><testcase classname="backend.tests.test_iteration2" name="test_exchange_keys_delete_kucoin" time="0.131" /><testcase classname="backend.tests.test_iteration2" name="test_mongo_encrypted_storage_verification" time="0.533" /></testsuite></testsuites>