<?xml version="1.0" encoding="utf-8"?><testsuites name="pytest tests"><testsuite name="pytest" errors="0" failures="1" skipped="0" tests="11" time="62.440" timestamp="2026-06-28T21:53:38.799218+00:00" hostname="agent-env-7352e73a-8b05-4dac-85e1-42f152020c79"><testcase classname="backend.tests.test_iteration7" name="test_live_readiness_shape" time="0.977" /><testcase classname="backend.tests.test_iteration7" name="test_bot_mode_live_blocked" time="0.085" /><testcase classname="backend.tests.test_iteration7" name="test_bot_mode_paper_succeeds" time="0.064" /><testcase classname="backend.tests.test_iteration7" name="test_autopilot_status_shape" time="0.059"><failure message="AssertionError: missing last_promoted_at in autopilot/status: {'breaker_events': 3, 'breaker_window_minutes': 10, 'circuit_breaker_enabled': True, 'enabled': True, 'min_lane_trades': 10, 'min_winner_lead_pct': 5.0, 'promote_interval_hours': 6, 'last_pause_at': '2026-06-28T21:50:52.666000', 'last_pause_reason': '19 alert events in 10m'}&#10;assert 'last_promoted_at' in {'breaker_events': 3, 'breaker_window_minutes': 10, 'circuit_breaker_enabled': True, 'enabled': True, ...}">backend/tests/test_iteration7.py:98: in test_autopilot_status_shape
    assert k in doc, f"missing {k} in autopilot/status: {doc}"
E   AssertionError: missing last_promoted_at in autopilot/status: {'breaker_events': 3, 'breaker_window_minutes': 10, 'circuit_breaker_enabled': True, 'enabled': True, 'min_lane_trades': 10, 'min_winner_lead_pct': 5.0, 'promote_interval_hours': 6, 'last_pause_at': '2026-06-28T21:50:52.666000', 'last_pause_reason': '19 alert events in 10m'}
E   assert 'last_promoted_at' in {'breaker_events': 3, 'breaker_window_minutes': 10, 'circuit_breaker_enabled': True, 'enabled': True, ...}</failure></testcase><testcase classname="backend.tests.test_iteration7" name="test_autopilot_config_update" time="0.081" /><testcase classname="backend.tests.test_iteration7" name="test_autopilot_config_invalid" time="0.104" /><testcase classname="backend.tests.test_iteration7" name="test_autopilot_config_viewer_forbidden" time="1.405" /><testcase classname="backend.tests.test_iteration7" name="test_autopilot_resume_sets_running" time="0.622" /><testcase classname="backend.tests.test_iteration7" name="test_autopilot_resume_viewer_forbidden" time="0.079" /><testcase classname="backend.tests.test_iteration7" name="test_autopilot_circuit_breaker" time="57.259" /><testcase classname="backend.tests.test_iteration7" name="test_regression_iter6_endpoints" time="1.146" /></testsuite></testsuites>