<?xml version="1.0" encoding="utf-8"?><testsuites name="pytest tests"><testsuite name="pytest" errors="0" failures="0" skipped="0" tests="10" time="26.913" timestamp="2026-06-28T21:39:24.785233+00:00" hostname="agent-env-7352e73a-8b05-4dac-85e1-42f152020c79"><testcase classname="backend.tests.test_iteration6" name="test_regression_endpoints" time="1.959" /><testcase classname="backend.tests.test_iteration6" name="test_jwt_revocation_on_role_change" time="2.174" /><testcase classname="backend.tests.test_iteration6" name="test_jwt_revocation_on_password_change" time="2.647" /><testcase classname="backend.tests.test_iteration6" name="test_audit_endpoint_basic" time="0.682" /><testcase classname="backend.tests.test_iteration6" name="test_audit_filter" time="0.413" /><testcase classname="backend.tests.test_iteration6" name="test_audit_viewer_forbidden" time="1.389" /><testcase classname="backend.tests.test_iteration6" name="test_audit_failed_login_entry" time="0.795" /><testcase classname="backend.tests.test_iteration6" name="test_ab_full_flow" time="2.549" /><testcase classname="backend.tests.test_iteration6" name="test_ab_viewer_forbidden" time="1.441" /><testcase classname="backend.tests.test_iteration6" name="test_alert_cooldown_survives_restart" time="12.413" /></testsuite></testsuites>