<?xml version="1.0" encoding="utf-8"?><testsuites name="pytest tests"><testsuite name="pytest" errors="0" failures="1" skipped="0" tests="40" time="63.263" timestamp="2026-06-28T21:54:54.593274+00:00" hostname="agent-env-7352e73a-8b05-4dac-85e1-42f152020c79"><testcase classname="backend.tests.test_iteration4" name="test_login_returns_csrf_and_sets_cookie" time="0.604" /><testcase classname="backend.tests.test_iteration4" name="test_csrf_blocked_without_header" time="0.589" /><testcase classname="backend.tests.test_iteration4" name="test_csrf_passes_with_header" time="0.596" /><testcase classname="backend.tests.test_iteration4" name="test_csrf_get_endpoint" time="0.572" /><testcase classname="backend.tests.test_iteration4" name="test_bearer_only_bypasses_csrf" time="0.576" /><testcase classname="backend.tests.test_iteration4" name="test_auth_me_logout_regression" time="0.047" /><testcase classname="backend.tests.test_iteration4" name="test_existing_endpoints_regression" time="0.544" /><testcase classname="backend.tests.test_iteration4" name="test_create_viewer_then_promote_then_revert" time="0.558" /><testcase classname="backend.tests.test_iteration4" name="test_cannot_demote_or_delete_bootstrap_admin" time="0.143" /><testcase classname="backend.tests.test_iteration4" name="test_cannot_delete_self" time="0.096" /><testcase classname="backend.tests.test_iteration4" name="test_viewer_blocked_on_admin_routes" time="0.866" /><testcase classname="backend.tests.test_iteration4" name="test_live_mode_blocked_without_trade_keys_then_succeeds" time="0.316"><failure message="AssertionError: {&quot;detail&quot;:&quot;LIVE mode blocked. 2 prerequisite(s) failing: ['Telegram alerts configured (token + chat id)', 'Cloudflare Worker reachable (live market data, not mock)']&quot;}&#10;assert 409 == 200&#10; +  where 409 = &lt;Response [409]&gt;.status_code">E   AssertionError: {"detail":"LIVE mode blocked. 2 prerequisite(s) failing: ['Telegram alerts configured (token + chat id)', 'Cloudflare Worker reachable (live market data, not mock)']"}
    assert 409 == 200
     +  where 409 = &lt;Response [409]&gt;.status_code</failure></testcase><testcase classname="backend.tests.test_iteration4" name="test_permissions_patch_invalid" time="0.048" /><testcase classname="backend.tests.test_iteration4" name="test_permissions_patch_not_found" time="0.052" /><testcase classname="backend.tests.test_iteration4" name="test_pnl_series_24h" time="0.057" /><testcase classname="backend.tests.test_iteration4" name="test_pnl_series_6h_and_cap" time="0.121" /><testcase classname="backend.tests.test_iteration4" name="test_public_stats_no_auth" time="0.164" /><testcase classname="backend.tests.test_iteration5" name="test_regression_endpoints" time="1.292" /><testcase classname="backend.tests.test_iteration5" name="test_list_presets" time="0.053" /><testcase classname="backend.tests.test_iteration5" name="test_apply_aggressive_then_balanced" time="0.229" /><testcase classname="backend.tests.test_iteration5" name="test_apply_unknown_preset" time="0.072" /><testcase classname="backend.tests.test_iteration5" name="test_viewer_preset_forbidden" time="1.210" /><testcase classname="backend.tests.test_iteration5" name="test_exchange_key_test_no_key" time="0.114" /><testcase classname="backend.tests.test_iteration5" name="test_exchange_key_test_after_upsert" time="0.197" /><testcase classname="backend.tests.test_iteration5" name="test_viewer_exchange_key_test_forbidden" time="0.172" /><testcase classname="backend.tests.test_iteration5" name="test_alert_metrics" time="0.058" /><testcase classname="backend.tests.test_iteration5" name="test_alert_rule_crud" time="0.451" /><testcase classname="backend.tests.test_iteration5" name="test_viewer_blocked_on_alerts" time="0.468" /><testcase classname="backend.tests.test_iteration5" name="test_alert_evaluator_fires" time="6.171" /><testcase classname="backend.tests.test_iteration5" name="test_runtime_state_persistence_across_restart" time="21.809" /><testcase classname="backend.tests.test_iteration6" name="test_regression_endpoints" time="1.544" /><testcase classname="backend.tests.test_iteration6" name="test_jwt_revocation_on_role_change" time="1.803" /><testcase classname="backend.tests.test_iteration6" name="test_jwt_revocation_on_password_change" time="2.160" /><testcase classname="backend.tests.test_iteration6" name="test_audit_endpoint_basic" time="0.663" /><testcase classname="backend.tests.test_iteration6" name="test_audit_filter" time="0.407" /><testcase classname="backend.tests.test_iteration6" name="test_audit_viewer_forbidden" time="1.074" /><testcase classname="backend.tests.test_iteration6" name="test_audit_failed_login_entry" time="0.733" /><testcase classname="backend.tests.test_iteration6" name="test_ab_full_flow" time="4.562" /><testcase classname="backend.tests.test_iteration6" name="test_ab_viewer_forbidden" time="1.280" /><testcase classname="backend.tests.test_iteration6" name="test_alert_cooldown_survives_restart" time="10.517" /></testsuite></testsuites>